<?xml version="1.0" encoding="UTF-8"?>
<!-- Generated by org.testng.reporters.JUnitXMLReporter -->
<testsuite ignored="0" hostname="DESKTOP-KBNFBKF" failures="0" tests="2" name="Regression1" time="14.133" errors="0" timestamp="2022-01-26T19:45:53 IST">
  <testcase classname="SeleniumGrid_Pipeline.SeleniumGrid_Pipeline.ParallelTest" name="grid" time="5.617"/>
  <testcase classname="SeleniumGrid_Pipeline.SeleniumGrid_Pipeline.ParallelTest" name="grid1" time="8.437"/>
</testsuite> <!-- Regression1 -->
